<?xml version="1.0" encoding="UTF-8"?>
<!-- Generated by org.testng.reporters.JUnitReportReporter -->
<testsuite skipped="0" hostname="sairam-PC" name="TestNG.addressbook" tests="1" failures="0" timestamp="10 Sep 2018 01:59:10 GMT" time="12.791" errors="0">
  <testcase name="verfiyaddbook" time="12.791" classname="TestNG.addressbook"/>
</testsuite> <!-- TestNG.addressbook -->
